Contigs SCG trouvés : 67
Fichiers écrits :
- /env/export/bigtmp2/cassiope/Cassiope-MAG-Clustering/data/first_set/300_kmer_contigs_subset.txt
- /env/export/bigtmp2/cassiope/Cassiope-MAG-Clustering/data/first_set/300_mean_coverage_Q2Q3_subset.txt
Lecture du fichier : /env/export/bigtmp2/cassiope/Cassiope-MAG-Clustering/data/first_set/contig_scg_details.tsv

 Vérification des données stockées :

Fin de la phase d'initialisation

Création des clusters...
Création des clusters effectué !

Cration des contigs...
Création des contigs effectué !

Création des distances...
Création des distances effectué !

Création des contigs marqueurs et de leurs taxonomie...
Création des taxonomies effectué !

Merging : 
/env/export/bigtmp2/cassiope/Cassiope-MAG-Clustering/data/first_set/programme_lp/clusters.lp
/env/export/bigtmp2/cassiope/Cassiope-MAG-Clustering/data/first_set/programme_lp/299_contigs.lp
/env/export/bigtmp2/cassiope/Cassiope-MAG-Clustering/data/first_set/programme_lp/299_distances.lp
/env/export/bigtmp2/cassiope/Cassiope-MAG-Clustering/data/first_set/programme_lp/299_scg_&_taxonomy.lp
/env/export/bigtmp2/cassiope/Cassiope-MAG-Clustering/rules.lp
Création du fichier progromme ok !
Loading /env/export/bigtmp2/cassiope/Cassiope-MAG-Clustering/output.lp...
Loading terminé !
Grounding...
Grounding de clingo terminée !
Resolution...
Nombre de clusters : 10
Nombre de contigs total : 300
Nombre de contigs assignés : 300

Résultat du clustering :
assigned("Trichodesmium_miru_01_000000100086",0)
assigned("Trichodesmium_miru_01_000000029863",1)
assigned("Trichodesmium_miru_01_000000078342",2)
assigned("Trichodesmium_miru_01_000000121082",2)
assigned("Trichodesmium_miru_01_000000001814",2)
assigned("Trichodesmium_miru_01_000000073531",3)
assigned("Trichodesmium_miru_01_000000002135",3)
assigned("Trichodesmium_miru_01_000000064020",3)
assigned("Trichodesmium_miru_01_000000069823",3)
assigned("Trichodesmium_miru_01_000000116128",3)
assigned("Trichodesmium_miru_01_000000074103",3)
assigned("Trichodesmium_miru_01_000000121997",3)
assigned("Trichodesmium_miru_01_000000121361",3)
assigned("Trichodesmium_miru_01_000000104481",3)
assigned("Trichodesmium_miru_01_000000042684",3)
assigned("Trichodesmium_miru_01_000000080344",3)
assigned("Trichodesmium_miru_01_000000126779",4)
assigned("Trichodesmium_miru_01_000000128468",4)
assigned("Trichodesmium_miru_01_000000114634",4)
assigned("Trichodesmium_miru_01_000000095633",4)
assigned("Trichodesmium_miru_01_000000127624",4)
assigned("Trichodesmium_miru_01_000000110545",4)
assigned("Trichodesmium_miru_01_000000057482",5)
assigned("Trichodesmium_miru_01_000000006681",5)
assigned("Trichodesmium_miru_01_000000031424",5)
assigned("Trichodesmium_miru_01_000000048433",5)
assigned("Trichodesmium_miru_01_000000070311",5)
assigned("Trichodesmium_miru_01_000000015869",5)
assigned("Trichodesmium_miru_01_000000097614",5)
assigned("Trichodesmium_miru_01_000000084871",5)
assigned("Trichodesmium_miru_01_000000091905",5)
assigned("Trichodesmium_miru_01_000000049590",5)
assigned("Trichodesmium_miru_01_000000002169",5)
assigned("Trichodesmium_miru_01_000000070733",6)
assigned("Trichodesmium_miru_01_000000055838",6)
assigned("Trichodesmium_miru_01_000000127799",6)
assigned("Trichodesmium_miru_01_000000085271",6)
assigned("Trichodesmium_miru_01_000000037606",6)
assigned("Trichodesmium_miru_01_000000008546",6)
assigned("Trichodesmium_miru_01_000000089264",6)
assigned("Trichodesmium_miru_01_000000127547",6)
assigned("Trichodesmium_miru_01_000000061073",6)
assigned("Trichodesmium_miru_01_000000056483",6)
assigned("Trichodesmium_miru_01_000000065490",6)
assigned("Trichodesmium_miru_01_000000040823",6)
assigned("Trichodesmium_miru_01_000000119991",7)
assigned("Trichodesmium_miru_01_000000078439",7)
assigned("Trichodesmium_miru_01_000000051872",7)
assigned("Trichodesmium_miru_01_000000088926",7)
assigned("Trichodesmium_miru_01_000000012551",7)
assigned("Trichodesmium_miru_01_000000066712",7)
assigned("Trichodesmium_miru_01_000000044061",7)
assigned("Trichodesmium_miru_01_000000006263",8)
assigned("Trichodesmium_miru_01_000000114839",8)
assigned("Trichodesmium_miru_01_000000096581",8)
assigned("Trichodesmium_miru_01_000000036667",8)
assigned("Trichodesmium_miru_01_000000088109",8)
assigned("Trichodesmium_miru_01_000000022672",8)
assigned("Trichodesmium_miru_01_000000079494",8)
assigned("Trichodesmium_miru_01_000000010900",8)
assigned("Trichodesmium_miru_01_000000067533",8)
assigned("Trichodesmium_miru_01_000000059362",8)
assigned("Trichodesmium_miru_01_000000082305",8)
assigned("Trichodesmium_miru_01_000000087500",9)
assigned("Trichodesmium_miru_01_000000050345",9)
assigned("Trichodesmium_miru_01_000000001584",9)
assigned("Trichodesmium_miru_01_000000018261",9)
assigned("Trichodesmium_miru_01_000000018455",9)
assigned("Trichodesmium_miru_01_000000049196",9)
assigned("Trichodesmium_miru_01_000000019412",9)
assigned("Trichodesmium_miru_01_000000057662",9)
assigned("Trichodesmium_miru_01_000000036444",9)
assigned("Trichodesmium_miru_01_000000010782",9)
assigned("Trichodesmium_miru_01_000000013252",9)
assigned("Trichodesmium_miru_01_000000005782",9)
assigned("Trichodesmium_miru_01_000000093141",9)
assigned("Trichodesmium_miru_01_000000062063",9)
assigned("Trichodesmium_miru_01_000000101117",9)
assigned("Trichodesmium_miru_01_000000067111",9)
assigned("Trichodesmium_miru_01_000000122435",9)
assigned("Trichodesmium_miru_01_000000130712",9)
assigned("Trichodesmium_miru_01_000000065232",9)
assigned("Trichodesmium_miru_01_000000000916",9)
assigned("Trichodesmium_miru_01_000000005143",9)
assigned("Trichodesmium_miru_01_000000118447",9)
assigned("Trichodesmium_miru_01_000000115802",9)
assigned("Trichodesmium_miru_01_000000024826",9)
assigned("Trichodesmium_miru_01_000000003835",9)
assigned("Trichodesmium_miru_01_000000071162",9)
assigned("Trichodesmium_miru_01_000000039587",9)
assigned("Trichodesmium_miru_01_000000036449",9)
assigned("Trichodesmium_miru_01_000000048840",9)
assigned("Trichodesmium_miru_01_000000073876",9)
assigned("Trichodesmium_miru_01_000000044385",9)
assigned("Trichodesmium_miru_01_000000006228",9)
assigned("Trichodesmium_miru_01_000000115401",9)
assigned("Trichodesmium_miru_01_000000060150",9)
assigned("Trichodesmium_miru_01_000000023364",9)
assigned("Trichodesmium_miru_01_000000069545",9)
assigned("Trichodesmium_miru_01_000000107267",9)
assigned("Trichodesmium_miru_01_000000032899",9)
assigned("Trichodesmium_miru_01_000000097859",9)
assigned("Trichodesmium_miru_01_000000032779",9)
assigned("Trichodesmium_miru_01_000000113684",9)
assigned("Trichodesmium_miru_01_000000049384",9)
assigned("Trichodesmium_miru_01_000000001875",9)
assigned("Trichodesmium_miru_01_000000078467",9)
assigned("Trichodesmium_miru_01_000000125969",9)
assigned("Trichodesmium_miru_01_000000001760",9)
assigned("Trichodesmium_miru_01_000000120506",9)
assigned("Trichodesmium_miru_01_000000078647",9)
assigned("Trichodesmium_miru_01_000000049015",9)
assigned("Trichodesmium_miru_01_000000063860",9)
assigned("Trichodesmium_miru_01_000000073483",9)
assigned("Trichodesmium_miru_01_000000000672",9)
assigned("Trichodesmium_miru_01_000000011043",9)
assigned("Trichodesmium_miru_01_000000093873",9)
assigned("Trichodesmium_miru_01_000000057274",9)
assigned("Trichodesmium_miru_01_000000110713",9)
assigned("Trichodesmium_miru_01_000000019676",9)
assigned("Trichodesmium_miru_01_000000065746",9)
assigned("Trichodesmium_miru_01_000000042913",9)
assigned("Trichodesmium_miru_01_000000130486",9)
assigned("Trichodesmium_miru_01_000000097824",9)
assigned("Trichodesmium_miru_01_000000045872",9)
assigned("Trichodesmium_miru_01_000000012641",9)
assigned("Trichodesmium_miru_01_000000005157",9)
assigned("Trichodesmium_miru_01_000000121200",9)
assigned("Trichodesmium_miru_01_000000069139",9)
assigned("Trichodesmium_miru_01_000000109004",9)
assigned("Trichodesmium_miru_01_000000077729",9)
assigned("Trichodesmium_miru_01_000000067183",9)
assigned("Trichodesmium_miru_01_000000125852",9)
assigned("Trichodesmium_miru_01_000000021832",9)
assigned("Trichodesmium_miru_01_000000131184",9)
assigned("Trichodesmium_miru_01_000000026439",9)
assigned("Trichodesmium_miru_01_000000021267",9)
assigned("Trichodesmium_miru_01_000000102163",9)
assigned("Trichodesmium_miru_01_000000077314",9)
assigned("Trichodesmium_miru_01_000000075737",9)
assigned("Trichodesmium_miru_01_000000049401",9)
assigned("Trichodesmium_miru_01_000000121785",9)
assigned("Trichodesmium_miru_01_000000058744",9)
assigned("Trichodesmium_miru_01_000000128588",9)
assigned("Trichodesmium_miru_01_000000056494",9)
assigned("Trichodesmium_miru_01_000000010265",9)
assigned("Trichodesmium_miru_01_000000109473",9)
assigned("Trichodesmium_miru_01_000000014730",9)
assigned("Trichodesmium_miru_01_000000038920",9)
assigned("Trichodesmium_miru_01_000000117628",9)
assigned("Trichodesmium_miru_01_000000080096",9)
assigned("Trichodesmium_miru_01_000000117736",9)
assigned("Trichodesmium_miru_01_000000084505",9)
assigned("Trichodesmium_miru_01_000000029601",9)
assigned("Trichodesmium_miru_01_000000040617",9)
assigned("Trichodesmium_miru_01_000000015273",9)
assigned("Trichodesmium_miru_01_000000057364",9)
assigned("Trichodesmium_miru_01_000000032869",9)
assigned("Trichodesmium_miru_01_000000095237",9)
assigned("Trichodesmium_miru_01_000000092452",9)
assigned("Trichodesmium_miru_01_000000106792",9)
assigned("Trichodesmium_miru_01_000000027685",9)
assigned("Trichodesmium_miru_01_000000021228",9)
assigned("Trichodesmium_miru_01_000000121151",9)
assigned("Trichodesmium_miru_01_000000016649",9)
assigned("Trichodesmium_miru_01_000000111225",9)
assigned("Trichodesmium_miru_01_000000025808",9)
assigned("Trichodesmium_miru_01_000000053983",9)
assigned("Trichodesmium_miru_01_000000114444",9)
assigned("Trichodesmium_miru_01_000000038117",9)
assigned("Trichodesmium_miru_01_000000013043",9)
assigned("Trichodesmium_miru_01_000000029345",9)
assigned("Trichodesmium_miru_01_000000091501",9)
assigned("Trichodesmium_miru_01_000000091201",9)
assigned("Trichodesmium_miru_01_000000059715",9)
assigned("Trichodesmium_miru_01_000000035988",9)
assigned("Trichodesmium_miru_01_000000010277",9)
assigned("Trichodesmium_miru_01_000000028188",9)
assigned("Trichodesmium_miru_01_000000027981",9)
assigned("Trichodesmium_miru_01_000000106038",9)
assigned("Trichodesmium_miru_01_000000050352",9)
assigned("Trichodesmium_miru_01_000000058510",9)
assigned("Trichodesmium_miru_01_000000001441",9)
assigned("Trichodesmium_miru_01_000000026475",9)
assigned("Trichodesmium_miru_01_000000065662",9)
assigned("Trichodesmium_miru_01_000000032833",9)
assigned("Trichodesmium_miru_01_000000037690",9)
assigned("Trichodesmium_miru_01_000000102663",9)
assigned("Trichodesmium_miru_01_000000080230",9)
assigned("Trichodesmium_miru_01_000000085270",9)
assigned("Trichodesmium_miru_01_000000047549",9)
assigned("Trichodesmium_miru_01_000000031635",9)
assigned("Trichodesmium_miru_01_000000095796",9)
assigned("Trichodesmium_miru_01_000000061208",9)
assigned("Trichodesmium_miru_01_000000039297",9)
assigned("Trichodesmium_miru_01_000000110754",9)
assigned("Trichodesmium_miru_01_000000114432",9)
assigned("Trichodesmium_miru_01_000000095029",9)
assigned("Trichodesmium_miru_01_000000102541",9)
assigned("Trichodesmium_miru_01_000000124217",9)
assigned("Trichodesmium_miru_01_000000102208",9)
assigned("Trichodesmium_miru_01_000000107736",9)
assigned("Trichodesmium_miru_01_000000096829",9)
assigned("Trichodesmium_miru_01_000000015216",9)
assigned("Trichodesmium_miru_01_000000065664",9)
assigned("Trichodesmium_miru_01_000000110734",9)
assigned("Trichodesmium_miru_01_000000099352",9)
assigned("Trichodesmium_miru_01_000000021898",9)
assigned("Trichodesmium_miru_01_000000024528",9)
assigned("Trichodesmium_miru_01_000000017827",9)
assigned("Trichodesmium_miru_01_000000128681",9)
assigned("Trichodesmium_miru_01_000000034416",9)
assigned("Trichodesmium_miru_01_000000047448",9)
assigned("Trichodesmium_miru_01_000000028764",9)
assigned("Trichodesmium_miru_01_000000115540",9)
assigned("Trichodesmium_miru_01_000000043975",9)
assigned("Trichodesmium_miru_01_000000088956",9)
assigned("Trichodesmium_miru_01_000000059167",9)
assigned("Trichodesmium_miru_01_000000030762",9)
assigned("Trichodesmium_miru_01_000000014835",9)
assigned("Trichodesmium_miru_01_000000035510",9)
assigned("Trichodesmium_miru_01_000000022856",9)
assigned("Trichodesmium_miru_01_000000010766",9)
assigned("Trichodesmium_miru_01_000000078779",9)
assigned("Trichodesmium_miru_01_000000105839",9)
assigned("Trichodesmium_miru_01_000000128162",9)
assigned("Trichodesmium_miru_01_000000083202",9)
assigned("Trichodesmium_miru_01_000000059429",9)
assigned("Trichodesmium_miru_01_000000129326",9)
assigned("Trichodesmium_miru_01_000000111032",9)
assigned("Trichodesmium_miru_01_000000041386",9)
assigned("Trichodesmium_miru_01_000000122191",9)
assigned("Trichodesmium_miru_01_000000105705",9)
assigned("Trichodesmium_miru_01_000000058679",9)
assigned("Trichodesmium_miru_01_000000121673",9)
assigned("Trichodesmium_miru_01_000000023236",9)
assigned("Trichodesmium_miru_01_000000107572",9)
assigned("Trichodesmium_miru_01_000000073773",9)
assigned("Trichodesmium_miru_01_000000046588",9)
assigned("Trichodesmium_miru_01_000000131495",9)
assigned("Trichodesmium_miru_01_000000029585",9)
assigned("Trichodesmium_miru_01_000000093058",9)
assigned("Trichodesmium_miru_01_000000043337",9)
assigned("Trichodesmium_miru_01_000000121138",9)
assigned("Trichodesmium_miru_01_000000030385",9)
assigned("Trichodesmium_miru_01_000000078801",9)
assigned("Trichodesmium_miru_01_000000040124",9)
assigned("Trichodesmium_miru_01_000000122093",9)
assigned("Trichodesmium_miru_01_000000123063",9)
assigned("Trichodesmium_miru_01_000000111753",9)
assigned("Trichodesmium_miru_01_000000019907",9)
assigned("Trichodesmium_miru_01_000000090232",9)
assigned("Trichodesmium_miru_01_000000082034",9)
assigned("Trichodesmium_miru_01_000000053748",9)
assigned("Trichodesmium_miru_01_000000011886",9)
assigned("Trichodesmium_miru_01_000000115322",9)
assigned("Trichodesmium_miru_01_000000070163",9)
assigned("Trichodesmium_miru_01_000000084877",9)
assigned("Trichodesmium_miru_01_000000034603",9)
assigned("Trichodesmium_miru_01_000000071661",9)
assigned("Trichodesmium_miru_01_000000102545",9)
assigned("Trichodesmium_miru_01_000000116961",9)
assigned("Trichodesmium_miru_01_000000068462",9)
assigned("Trichodesmium_miru_01_000000078545",9)
assigned("Trichodesmium_miru_01_000000024747",9)
assigned("Trichodesmium_miru_01_000000075582",9)
assigned("Trichodesmium_miru_01_000000085428",9)
assigned("Trichodesmium_miru_01_000000124024",9)
assigned("Trichodesmium_miru_01_000000030447",9)
assigned("Trichodesmium_miru_01_000000037782",9)
assigned("Trichodesmium_miru_01_000000098425",9)
assigned("Trichodesmium_miru_01_000000021447",9)
assigned("Trichodesmium_miru_01_000000055590",9)
assigned("Trichodesmium_miru_01_000000088175",9)
assigned("Trichodesmium_miru_01_000000041933",9)
assigned("Trichodesmium_miru_01_000000046101",9)
assigned("Trichodesmium_miru_01_000000000956",9)
assigned("Trichodesmium_miru_01_000000068704",9)
assigned("Trichodesmium_miru_01_000000080162",9)
assigned("Trichodesmium_miru_01_000000053260",9)
assigned("Trichodesmium_miru_01_000000053595",9)
assigned("Trichodesmium_miru_01_000000035221",9)
assigned("Trichodesmium_miru_01_000000075960",9)
assigned("Trichodesmium_miru_01_000000131892",9)
assigned("Trichodesmium_miru_01_000000015514",9)
assigned("Trichodesmium_miru_01_000000006991",9)
assigned("Trichodesmium_miru_01_000000054129",9)
assigned("Trichodesmium_miru_01_000000060989",9)
assigned("Trichodesmium_miru_01_000000027159",9)
assigned("Trichodesmium_miru_01_000000018195",9)
assigned("Trichodesmium_miru_01_000000132038",9)
assigned("Trichodesmium_miru_01_000000047680",9)
assigned("Trichodesmium_miru_01_000000018930",9)
assigned("Trichodesmium_miru_01_000000116137",9)
assigned("Trichodesmium_miru_01_000000005108",9)
assigned("Trichodesmium_miru_01_000000020348",9)
assigned("Trichodesmium_miru_01_000000094888",9)
assigned("Trichodesmium_miru_01_000000013794",9)
assigned("Trichodesmium_miru_01_000000077045",9)
assigned("Trichodesmium_miru_01_000000032495",9)

Fin de l'affichage des clusters


 optimal ?  False
Nombre de clusters : 10
Nombre de contigs total : 300
Nombre de contigs assignés : 300

Résultat du clustering :
assigned("Trichodesmium_miru_01_000000100086",0)
assigned("Trichodesmium_miru_01_000000082305",0)
assigned("Trichodesmium_miru_01_000000029863",1)
assigned("Trichodesmium_miru_01_000000078342",2)
assigned("Trichodesmium_miru_01_000000121082",2)
assigned("Trichodesmium_miru_01_000000001814",2)
assigned("Trichodesmium_miru_01_000000073531",3)
assigned("Trichodesmium_miru_01_000000002135",3)
assigned("Trichodesmium_miru_01_000000064020",3)
assigned("Trichodesmium_miru_01_000000069823",3)
assigned("Trichodesmium_miru_01_000000116128",3)
assigned("Trichodesmium_miru_01_000000074103",3)
assigned("Trichodesmium_miru_01_000000121997",3)
assigned("Trichodesmium_miru_01_000000121361",3)
assigned("Trichodesmium_miru_01_000000104481",3)
assigned("Trichodesmium_miru_01_000000042684",3)
assigned("Trichodesmium_miru_01_000000080344",3)
assigned("Trichodesmium_miru_01_000000040823",3)
assigned("Trichodesmium_miru_01_000000126779",4)
assigned("Trichodesmium_miru_01_000000128468",4)
assigned("Trichodesmium_miru_01_000000114634",4)
assigned("Trichodesmium_miru_01_000000095633",4)
assigned("Trichodesmium_miru_01_000000127624",4)
assigned("Trichodesmium_miru_01_000000110545",4)
assigned("Trichodesmium_miru_01_000000057482",5)
assigned("Trichodesmium_miru_01_000000006681",5)
assigned("Trichodesmium_miru_01_000000031424",5)
assigned("Trichodesmium_miru_01_000000048433",5)
assigned("Trichodesmium_miru_01_000000070311",5)
assigned("Trichodesmium_miru_01_000000015869",5)
assigned("Trichodesmium_miru_01_000000097614",5)
assigned("Trichodesmium_miru_01_000000084871",5)
assigned("Trichodesmium_miru_01_000000091905",5)
assigned("Trichodesmium_miru_01_000000049590",5)
assigned("Trichodesmium_miru_01_000000002169",5)
assigned("Trichodesmium_miru_01_000000070733",6)
assigned("Trichodesmium_miru_01_000000055838",6)
assigned("Trichodesmium_miru_01_000000127799",6)
assigned("Trichodesmium_miru_01_000000085271",6)
assigned("Trichodesmium_miru_01_000000037606",6)
assigned("Trichodesmium_miru_01_000000008546",6)
assigned("Trichodesmium_miru_01_000000089264",6)
assigned("Trichodesmium_miru_01_000000127547",6)
assigned("Trichodesmium_miru_01_000000061073",6)
assigned("Trichodesmium_miru_01_000000056483",6)
assigned("Trichodesmium_miru_01_000000065490",6)
assigned("Trichodesmium_miru_01_000000119991",7)
assigned("Trichodesmium_miru_01_000000078439",7)
assigned("Trichodesmium_miru_01_000000051872",7)
assigned("Trichodesmium_miru_01_000000088926",7)
assigned("Trichodesmium_miru_01_000000012551",7)
assigned("Trichodesmium_miru_01_000000066712",7)
assigned("Trichodesmium_miru_01_000000044061",7)
assigned("Trichodesmium_miru_01_000000006263",8)
assigned("Trichodesmium_miru_01_000000114839",8)
assigned("Trichodesmium_miru_01_000000096581",8)
assigned("Trichodesmium_miru_01_000000036667",8)
assigned("Trichodesmium_miru_01_000000088109",8)
assigned("Trichodesmium_miru_01_000000022672",8)
assigned("Trichodesmium_miru_01_000000079494",8)
assigned("Trichodesmium_miru_01_000000010900",8)
assigned("Trichodesmium_miru_01_000000067533",8)
assigned("Trichodesmium_miru_01_000000059362",8)
assigned("Trichodesmium_miru_01_000000110734",8)
assigned("Trichodesmium_miru_01_000000087500",9)
assigned("Trichodesmium_miru_01_000000050345",9)
assigned("Trichodesmium_miru_01_000000001584",9)
assigned("Trichodesmium_miru_01_000000018261",9)
assigned("Trichodesmium_miru_01_000000018455",9)
assigned("Trichodesmium_miru_01_000000049196",9)
assigned("Trichodesmium_miru_01_000000019412",9)
assigned("Trichodesmium_miru_01_000000057662",9)
assigned("Trichodesmium_miru_01_000000036444",9)
assigned("Trichodesmium_miru_01_000000010782",9)
assigned("Trichodesmium_miru_01_000000013252",9)
assigned("Trichodesmium_miru_01_000000005782",9)
assigned("Trichodesmium_miru_01_000000093141",9)
assigned("Trichodesmium_miru_01_000000062063",9)
assigned("Trichodesmium_miru_01_000000101117",9)
assigned("Trichodesmium_miru_01_000000067111",9)
assigned("Trichodesmium_miru_01_000000122435",9)
assigned("Trichodesmium_miru_01_000000130712",9)
assigned("Trichodesmium_miru_01_000000065232",9)
assigned("Trichodesmium_miru_01_000000000916",9)
assigned("Trichodesmium_miru_01_000000005143",9)
assigned("Trichodesmium_miru_01_000000118447",9)
assigned("Trichodesmium_miru_01_000000115802",9)
assigned("Trichodesmium_miru_01_000000024826",9)
assigned("Trichodesmium_miru_01_000000003835",9)
assigned("Trichodesmium_miru_01_000000071162",9)
assigned("Trichodesmium_miru_01_000000039587",9)
assigned("Trichodesmium_miru_01_000000036449",9)
assigned("Trichodesmium_miru_01_000000048840",9)
assigned("Trichodesmium_miru_01_000000073876",9)
assigned("Trichodesmium_miru_01_000000044385",9)
assigned("Trichodesmium_miru_01_000000006228",9)
assigned("Trichodesmium_miru_01_000000115401",9)
assigned("Trichodesmium_miru_01_000000060150",9)
assigned("Trichodesmium_miru_01_000000023364",9)
assigned("Trichodesmium_miru_01_000000069545",9)
assigned("Trichodesmium_miru_01_000000107267",9)
assigned("Trichodesmium_miru_01_000000032899",9)
assigned("Trichodesmium_miru_01_000000097859",9)
assigned("Trichodesmium_miru_01_000000032779",9)
assigned("Trichodesmium_miru_01_000000113684",9)
assigned("Trichodesmium_miru_01_000000049384",9)
assigned("Trichodesmium_miru_01_000000001875",9)
assigned("Trichodesmium_miru_01_000000078467",9)
assigned("Trichodesmium_miru_01_000000125969",9)
assigned("Trichodesmium_miru_01_000000001760",9)
assigned("Trichodesmium_miru_01_000000120506",9)
assigned("Trichodesmium_miru_01_000000078647",9)
assigned("Trichodesmium_miru_01_000000049015",9)
assigned("Trichodesmium_miru_01_000000063860",9)
assigned("Trichodesmium_miru_01_000000073483",9)
assigned("Trichodesmium_miru_01_000000000672",9)
assigned("Trichodesmium_miru_01_000000011043",9)
assigned("Trichodesmium_miru_01_000000093873",9)
assigned("Trichodesmium_miru_01_000000057274",9)
assigned("Trichodesmium_miru_01_000000110713",9)
assigned("Trichodesmium_miru_01_000000019676",9)
assigned("Trichodesmium_miru_01_000000065746",9)
assigned("Trichodesmium_miru_01_000000042913",9)
assigned("Trichodesmium_miru_01_000000130486",9)
assigned("Trichodesmium_miru_01_000000097824",9)
assigned("Trichodesmium_miru_01_000000045872",9)
assigned("Trichodesmium_miru_01_000000012641",9)
assigned("Trichodesmium_miru_01_000000005157",9)
assigned("Trichodesmium_miru_01_000000121200",9)
assigned("Trichodesmium_miru_01_000000069139",9)
assigned("Trichodesmium_miru_01_000000109004",9)
assigned("Trichodesmium_miru_01_000000077729",9)
assigned("Trichodesmium_miru_01_000000067183",9)
assigned("Trichodesmium_miru_01_000000125852",9)
assigned("Trichodesmium_miru_01_000000021832",9)
assigned("Trichodesmium_miru_01_000000131184",9)
assigned("Trichodesmium_miru_01_000000026439",9)
assigned("Trichodesmium_miru_01_000000021267",9)
assigned("Trichodesmium_miru_01_000000102163",9)
assigned("Trichodesmium_miru_01_000000077314",9)
assigned("Trichodesmium_miru_01_000000075737",9)
assigned("Trichodesmium_miru_01_000000049401",9)
assigned("Trichodesmium_miru_01_000000121785",9)
assigned("Trichodesmium_miru_01_000000058744",9)
assigned("Trichodesmium_miru_01_000000128588",9)
assigned("Trichodesmium_miru_01_000000056494",9)
assigned("Trichodesmium_miru_01_000000010265",9)
assigned("Trichodesmium_miru_01_000000109473",9)
assigned("Trichodesmium_miru_01_000000014730",9)
assigned("Trichodesmium_miru_01_000000038920",9)
assigned("Trichodesmium_miru_01_000000117628",9)
assigned("Trichodesmium_miru_01_000000080096",9)
assigned("Trichodesmium_miru_01_000000117736",9)
assigned("Trichodesmium_miru_01_000000084505",9)
assigned("Trichodesmium_miru_01_000000029601",9)
assigned("Trichodesmium_miru_01_000000040617",9)
assigned("Trichodesmium_miru_01_000000015273",9)
assigned("Trichodesmium_miru_01_000000057364",9)
assigned("Trichodesmium_miru_01_000000032869",9)
assigned("Trichodesmium_miru_01_000000095237",9)
assigned("Trichodesmium_miru_01_000000092452",9)
assigned("Trichodesmium_miru_01_000000106792",9)
assigned("Trichodesmium_miru_01_000000027685",9)
assigned("Trichodesmium_miru_01_000000021228",9)
assigned("Trichodesmium_miru_01_000000121151",9)
assigned("Trichodesmium_miru_01_000000016649",9)
assigned("Trichodesmium_miru_01_000000111225",9)
assigned("Trichodesmium_miru_01_000000025808",9)
assigned("Trichodesmium_miru_01_000000053983",9)
assigned("Trichodesmium_miru_01_000000114444",9)
assigned("Trichodesmium_miru_01_000000038117",9)
assigned("Trichodesmium_miru_01_000000013043",9)
assigned("Trichodesmium_miru_01_000000029345",9)
assigned("Trichodesmium_miru_01_000000091501",9)
assigned("Trichodesmium_miru_01_000000091201",9)
assigned("Trichodesmium_miru_01_000000059715",9)
assigned("Trichodesmium_miru_01_000000035988",9)
assigned("Trichodesmium_miru_01_000000010277",9)
assigned("Trichodesmium_miru_01_000000028188",9)
assigned("Trichodesmium_miru_01_000000027981",9)
assigned("Trichodesmium_miru_01_000000106038",9)
assigned("Trichodesmium_miru_01_000000050352",9)
assigned("Trichodesmium_miru_01_000000058510",9)
assigned("Trichodesmium_miru_01_000000001441",9)
assigned("Trichodesmium_miru_01_000000026475",9)
assigned("Trichodesmium_miru_01_000000065662",9)
assigned("Trichodesmium_miru_01_000000032833",9)
assigned("Trichodesmium_miru_01_000000037690",9)
assigned("Trichodesmium_miru_01_000000102663",9)
assigned("Trichodesmium_miru_01_000000080230",9)
assigned("Trichodesmium_miru_01_000000085270",9)
assigned("Trichodesmium_miru_01_000000047549",9)
assigned("Trichodesmium_miru_01_000000031635",9)
assigned("Trichodesmium_miru_01_000000095796",9)
assigned("Trichodesmium_miru_01_000000061208",9)
assigned("Trichodesmium_miru_01_000000039297",9)
assigned("Trichodesmium_miru_01_000000110754",9)
assigned("Trichodesmium_miru_01_000000114432",9)
assigned("Trichodesmium_miru_01_000000095029",9)
assigned("Trichodesmium_miru_01_000000102541",9)
assigned("Trichodesmium_miru_01_000000124217",9)
assigned("Trichodesmium_miru_01_000000102208",9)
assigned("Trichodesmium_miru_01_000000107736",9)
assigned("Trichodesmium_miru_01_000000096829",9)
assigned("Trichodesmium_miru_01_000000015216",9)
assigned("Trichodesmium_miru_01_000000065664",9)
assigned("Trichodesmium_miru_01_000000099352",9)
assigned("Trichodesmium_miru_01_000000021898",9)
assigned("Trichodesmium_miru_01_000000024528",9)
assigned("Trichodesmium_miru_01_000000017827",9)
assigned("Trichodesmium_miru_01_000000128681",9)
assigned("Trichodesmium_miru_01_000000034416",9)
assigned("Trichodesmium_miru_01_000000047448",9)
assigned("Trichodesmium_miru_01_000000028764",9)
assigned("Trichodesmium_miru_01_000000115540",9)
assigned("Trichodesmium_miru_01_000000043975",9)
assigned("Trichodesmium_miru_01_000000088956",9)
assigned("Trichodesmium_miru_01_000000059167",9)
assigned("Trichodesmium_miru_01_000000030762",9)
assigned("Trichodesmium_miru_01_000000014835",9)
assigned("Trichodesmium_miru_01_000000035510",9)
assigned("Trichodesmium_miru_01_000000022856",9)
assigned("Trichodesmium_miru_01_000000010766",9)
assigned("Trichodesmium_miru_01_000000078779",9)
assigned("Trichodesmium_miru_01_000000105839",9)
assigned("Trichodesmium_miru_01_000000128162",9)
assigned("Trichodesmium_miru_01_000000083202",9)
assigned("Trichodesmium_miru_01_000000059429",9)
assigned("Trichodesmium_miru_01_000000129326",9)
assigned("Trichodesmium_miru_01_000000111032",9)
assigned("Trichodesmium_miru_01_000000041386",9)
assigned("Trichodesmium_miru_01_000000122191",9)
assigned("Trichodesmium_miru_01_000000105705",9)
assigned("Trichodesmium_miru_01_000000058679",9)
assigned("Trichodesmium_miru_01_000000121673",9)
assigned("Trichodesmium_miru_01_000000023236",9)
assigned("Trichodesmium_miru_01_000000107572",9)
assigned("Trichodesmium_miru_01_000000073773",9)
assigned("Trichodesmium_miru_01_000000046588",9)
assigned("Trichodesmium_miru_01_000000131495",9)
assigned("Trichodesmium_miru_01_000000029585",9)
assigned("Trichodesmium_miru_01_000000093058",9)
assigned("Trichodesmium_miru_01_000000043337",9)
assigned("Trichodesmium_miru_01_000000121138",9)
assigned("Trichodesmium_miru_01_000000030385",9)
assigned("Trichodesmium_miru_01_000000078801",9)
assigned("Trichodesmium_miru_01_000000040124",9)
assigned("Trichodesmium_miru_01_000000122093",9)
assigned("Trichodesmium_miru_01_000000123063",9)
assigned("Trichodesmium_miru_01_000000111753",9)
assigned("Trichodesmium_miru_01_000000019907",9)
assigned("Trichodesmium_miru_01_000000090232",9)
assigned("Trichodesmium_miru_01_000000082034",9)
assigned("Trichodesmium_miru_01_000000053748",9)
assigned("Trichodesmium_miru_01_000000011886",9)
assigned("Trichodesmium_miru_01_000000115322",9)
assigned("Trichodesmium_miru_01_000000070163",9)
assigned("Trichodesmium_miru_01_000000084877",9)
assigned("Trichodesmium_miru_01_000000034603",9)
assigned("Trichodesmium_miru_01_000000071661",9)
assigned("Trichodesmium_miru_01_000000102545",9)
assigned("Trichodesmium_miru_01_000000116961",9)
assigned("Trichodesmium_miru_01_000000068462",9)
assigned("Trichodesmium_miru_01_000000078545",9)
assigned("Trichodesmium_miru_01_000000024747",9)
assigned("Trichodesmium_miru_01_000000075582",9)
assigned("Trichodesmium_miru_01_000000085428",9)
assigned("Trichodesmium_miru_01_000000124024",9)
assigned("Trichodesmium_miru_01_000000030447",9)
assigned("Trichodesmium_miru_01_000000037782",9)
assigned("Trichodesmium_miru_01_000000098425",9)
assigned("Trichodesmium_miru_01_000000021447",9)
assigned("Trichodesmium_miru_01_000000055590",9)
assigned("Trichodesmium_miru_01_000000088175",9)
assigned("Trichodesmium_miru_01_000000041933",9)
assigned("Trichodesmium_miru_01_000000046101",9)
assigned("Trichodesmium_miru_01_000000000956",9)
assigned("Trichodesmium_miru_01_000000068704",9)
assigned("Trichodesmium_miru_01_000000080162",9)
assigned("Trichodesmium_miru_01_000000053260",9)
assigned("Trichodesmium_miru_01_000000053595",9)
assigned("Trichodesmium_miru_01_000000035221",9)
assigned("Trichodesmium_miru_01_000000075960",9)
assigned("Trichodesmium_miru_01_000000131892",9)
assigned("Trichodesmium_miru_01_000000015514",9)
assigned("Trichodesmium_miru_01_000000006991",9)
assigned("Trichodesmium_miru_01_000000054129",9)
assigned("Trichodesmium_miru_01_000000060989",9)
assigned("Trichodesmium_miru_01_000000027159",9)
assigned("Trichodesmium_miru_01_000000018195",9)
assigned("Trichodesmium_miru_01_000000132038",9)
assigned("Trichodesmium_miru_01_000000047680",9)
assigned("Trichodesmium_miru_01_000000018930",9)
assigned("Trichodesmium_miru_01_000000116137",9)
assigned("Trichodesmium_miru_01_000000005108",9)
assigned("Trichodesmium_miru_01_000000020348",9)
assigned("Trichodesmium_miru_01_000000094888",9)
assigned("Trichodesmium_miru_01_000000013794",9)
assigned("Trichodesmium_miru_01_000000077045",9)
assigned("Trichodesmium_miru_01_000000032495",9)

Fin de l'affichage des clusters


 optimal ?  False
Nombre de clusters : 10
Nombre de contigs total : 300
Nombre de contigs assignés : 300

Résultat du clustering :
assigned("Trichodesmium_miru_01_000000100086",0)
assigned("Trichodesmium_miru_01_000000001814",0)
assigned("Trichodesmium_miru_01_000000029863",1)
assigned("Trichodesmium_miru_01_000000082305",1)
assigned("Trichodesmium_miru_01_000000078342",2)
assigned("Trichodesmium_miru_01_000000121082",2)
assigned("Trichodesmium_miru_01_000000073531",3)
assigned("Trichodesmium_miru_01_000000002135",3)
assigned("Trichodesmium_miru_01_000000064020",3)
assigned("Trichodesmium_miru_01_000000069823",3)
assigned("Trichodesmium_miru_01_000000116128",3)
assigned("Trichodesmium_miru_01_000000074103",3)
assigned("Trichodesmium_miru_01_000000121997",3)
assigned("Trichodesmium_miru_01_000000121361",3)
assigned("Trichodesmium_miru_01_000000104481",3)
assigned("Trichodesmium_miru_01_000000042684",3)
assigned("Trichodesmium_miru_01_000000080344",3)
assigned("Trichodesmium_miru_01_000000126779",4)
assigned("Trichodesmium_miru_01_000000128468",4)
assigned("Trichodesmium_miru_01_000000114634",4)
assigned("Trichodesmium_miru_01_000000095633",4)
assigned("Trichodesmium_miru_01_000000127624",4)
assigned("Trichodesmium_miru_01_000000110545",4)
assigned("Trichodesmium_miru_01_000000057482",5)
assigned("Trichodesmium_miru_01_000000006681",5)
assigned("Trichodesmium_miru_01_000000031424",5)
assigned("Trichodesmium_miru_01_000000048433",5)
assigned("Trichodesmium_miru_01_000000070311",5)
assigned("Trichodesmium_miru_01_000000015869",5)
assigned("Trichodesmium_miru_01_000000097614",5)
assigned("Trichodesmium_miru_01_000000084871",5)
assigned("Trichodesmium_miru_01_000000091905",5)
assigned("Trichodesmium_miru_01_000000049590",5)
assigned("Trichodesmium_miru_01_000000002169",5)
assigned("Trichodesmium_miru_01_000000070733",6)
assigned("Trichodesmium_miru_01_000000055838",6)
assigned("Trichodesmium_miru_01_000000127799",6)
assigned("Trichodesmium_miru_01_000000085271",6)
assigned("Trichodesmium_miru_01_000000037606",6)
assigned("Trichodesmium_miru_01_000000008546",6)
assigned("Trichodesmium_miru_01_000000089264",6)
assigned("Trichodesmium_miru_01_000000127547",6)
assigned("Trichodesmium_miru_01_000000061073",6)
assigned("Trichodesmium_miru_01_000000056483",6)
assigned("Trichodesmium_miru_01_000000065490",6)
assigned("Trichodesmium_miru_01_000000040823",6)
assigned("Trichodesmium_miru_01_000000119991",7)
assigned("Trichodesmium_miru_01_000000078439",7)
assigned("Trichodesmium_miru_01_000000051872",7)
assigned("Trichodesmium_miru_01_000000088926",7)
assigned("Trichodesmium_miru_01_000000012551",7)
assigned("Trichodesmium_miru_01_000000066712",7)
assigned("Trichodesmium_miru_01_000000044061",7)
assigned("Trichodesmium_miru_01_000000006263",8)
assigned("Trichodesmium_miru_01_000000114839",8)
assigned("Trichodesmium_miru_01_000000096581",8)
assigned("Trichodesmium_miru_01_000000036667",8)
assigned("Trichodesmium_miru_01_000000088109",8)
assigned("Trichodesmium_miru_01_000000022672",8)
assigned("Trichodesmium_miru_01_000000079494",8)
assigned("Trichodesmium_miru_01_000000010900",8)
assigned("Trichodesmium_miru_01_000000067533",8)
assigned("Trichodesmium_miru_01_000000059362",8)
assigned("Trichodesmium_miru_01_000000110734",8)
assigned("Trichodesmium_miru_01_000000087500",9)
assigned("Trichodesmium_miru_01_000000050345",9)
assigned("Trichodesmium_miru_01_000000001584",9)
assigned("Trichodesmium_miru_01_000000018261",9)
assigned("Trichodesmium_miru_01_000000018455",9)
assigned("Trichodesmium_miru_01_000000049196",9)
assigned("Trichodesmium_miru_01_000000019412",9)
assigned("Trichodesmium_miru_01_000000057662",9)
assigned("Trichodesmium_miru_01_000000036444",9)
assigned("Trichodesmium_miru_01_000000010782",9)
assigned("Trichodesmium_miru_01_000000013252",9)
assigned("Trichodesmium_miru_01_000000005782",9)
assigned("Trichodesmium_miru_01_000000093141",9)
assigned("Trichodesmium_miru_01_000000062063",9)
assigned("Trichodesmium_miru_01_000000101117",9)
assigned("Trichodesmium_miru_01_000000067111",9)
assigned("Trichodesmium_miru_01_000000122435",9)
assigned("Trichodesmium_miru_01_000000130712",9)
assigned("Trichodesmium_miru_01_000000065232",9)
assigned("Trichodesmium_miru_01_000000000916",9)
assigned("Trichodesmium_miru_01_000000005143",9)
assigned("Trichodesmium_miru_01_000000118447",9)
assigned("Trichodesmium_miru_01_000000115802",9)
assigned("Trichodesmium_miru_01_000000024826",9)
assigned("Trichodesmium_miru_01_000000003835",9)
assigned("Trichodesmium_miru_01_000000071162",9)
assigned("Trichodesmium_miru_01_000000039587",9)
assigned("Trichodesmium_miru_01_000000036449",9)
assigned("Trichodesmium_miru_01_000000048840",9)
assigned("Trichodesmium_miru_01_000000073876",9)
assigned("Trichodesmium_miru_01_000000044385",9)
assigned("Trichodesmium_miru_01_000000006228",9)
assigned("Trichodesmium_miru_01_000000115401",9)
assigned("Trichodesmium_miru_01_000000060150",9)
assigned("Trichodesmium_miru_01_000000023364",9)
assigned("Trichodesmium_miru_01_000000069545",9)
assigned("Trichodesmium_miru_01_000000107267",9)
assigned("Trichodesmium_miru_01_000000032899",9)
assigned("Trichodesmium_miru_01_000000097859",9)
assigned("Trichodesmium_miru_01_000000032779",9)
assigned("Trichodesmium_miru_01_000000113684",9)
assigned("Trichodesmium_miru_01_000000049384",9)
assigned("Trichodesmium_miru_01_000000001875",9)
assigned("Trichodesmium_miru_01_000000078467",9)
assigned("Trichodesmium_miru_01_000000125969",9)
assigned("Trichodesmium_miru_01_000000001760",9)
assigned("Trichodesmium_miru_01_000000120506",9)
assigned("Trichodesmium_miru_01_000000078647",9)
assigned("Trichodesmium_miru_01_000000049015",9)
assigned("Trichodesmium_miru_01_000000063860",9)
assigned("Trichodesmium_miru_01_000000073483",9)
assigned("Trichodesmium_miru_01_000000000672",9)
assigned("Trichodesmium_miru_01_000000011043",9)
assigned("Trichodesmium_miru_01_000000093873",9)
assigned("Trichodesmium_miru_01_000000057274",9)
assigned("Trichodesmium_miru_01_000000110713",9)
assigned("Trichodesmium_miru_01_000000019676",9)
assigned("Trichodesmium_miru_01_000000065746",9)
assigned("Trichodesmium_miru_01_000000042913",9)
assigned("Trichodesmium_miru_01_000000130486",9)
assigned("Trichodesmium_miru_01_000000097824",9)
assigned("Trichodesmium_miru_01_000000045872",9)
assigned("Trichodesmium_miru_01_000000012641",9)
assigned("Trichodesmium_miru_01_000000005157",9)
assigned("Trichodesmium_miru_01_000000121200",9)
assigned("Trichodesmium_miru_01_000000069139",9)
assigned("Trichodesmium_miru_01_000000109004",9)
assigned("Trichodesmium_miru_01_000000077729",9)
assigned("Trichodesmium_miru_01_000000067183",9)
assigned("Trichodesmium_miru_01_000000125852",9)
assigned("Trichodesmium_miru_01_000000021832",9)
assigned("Trichodesmium_miru_01_000000131184",9)
assigned("Trichodesmium_miru_01_000000026439",9)
assigned("Trichodesmium_miru_01_000000021267",9)
assigned("Trichodesmium_miru_01_000000102163",9)
assigned("Trichodesmium_miru_01_000000077314",9)
assigned("Trichodesmium_miru_01_000000075737",9)
assigned("Trichodesmium_miru_01_000000049401",9)
assigned("Trichodesmium_miru_01_000000121785",9)
assigned("Trichodesmium_miru_01_000000058744",9)
assigned("Trichodesmium_miru_01_000000128588",9)
assigned("Trichodesmium_miru_01_000000056494",9)
assigned("Trichodesmium_miru_01_000000010265",9)
assigned("Trichodesmium_miru_01_000000109473",9)
assigned("Trichodesmium_miru_01_000000014730",9)
assigned("Trichodesmium_miru_01_000000038920",9)
assigned("Trichodesmium_miru_01_000000117628",9)
assigned("Trichodesmium_miru_01_000000080096",9)
assigned("Trichodesmium_miru_01_000000117736",9)
assigned("Trichodesmium_miru_01_000000084505",9)
assigned("Trichodesmium_miru_01_000000029601",9)
assigned("Trichodesmium_miru_01_000000040617",9)
assigned("Trichodesmium_miru_01_000000015273",9)
assigned("Trichodesmium_miru_01_000000057364",9)
assigned("Trichodesmium_miru_01_000000032869",9)
assigned("Trichodesmium_miru_01_000000095237",9)
assigned("Trichodesmium_miru_01_000000092452",9)
assigned("Trichodesmium_miru_01_000000106792",9)
assigned("Trichodesmium_miru_01_000000027685",9)
assigned("Trichodesmium_miru_01_000000021228",9)
assigned("Trichodesmium_miru_01_000000121151",9)
assigned("Trichodesmium_miru_01_000000016649",9)
assigned("Trichodesmium_miru_01_000000111225",9)
assigned("Trichodesmium_miru_01_000000025808",9)
assigned("Trichodesmium_miru_01_000000053983",9)
assigned("Trichodesmium_miru_01_000000114444",9)
assigned("Trichodesmium_miru_01_000000038117",9)
assigned("Trichodesmium_miru_01_000000013043",9)
assigned("Trichodesmium_miru_01_000000029345",9)
assigned("Trichodesmium_miru_01_000000091501",9)
assigned("Trichodesmium_miru_01_000000091201",9)
assigned("Trichodesmium_miru_01_000000059715",9)
assigned("Trichodesmium_miru_01_000000035988",9)
assigned("Trichodesmium_miru_01_000000010277",9)
assigned("Trichodesmium_miru_01_000000028188",9)
assigned("Trichodesmium_miru_01_000000027981",9)
assigned("Trichodesmium_miru_01_000000106038",9)
assigned("Trichodesmium_miru_01_000000050352",9)
assigned("Trichodesmium_miru_01_000000058510",9)
assigned("Trichodesmium_miru_01_000000001441",9)
assigned("Trichodesmium_miru_01_000000026475",9)
assigned("Trichodesmium_miru_01_000000065662",9)
assigned("Trichodesmium_miru_01_000000032833",9)
assigned("Trichodesmium_miru_01_000000037690",9)
assigned("Trichodesmium_miru_01_000000102663",9)
assigned("Trichodesmium_miru_01_000000080230",9)
assigned("Trichodesmium_miru_01_000000085270",9)
assigned("Trichodesmium_miru_01_000000047549",9)
assigned("Trichodesmium_miru_01_000000031635",9)
assigned("Trichodesmium_miru_01_000000095796",9)
assigned("Trichodesmium_miru_01_000000061208",9)
assigned("Trichodesmium_miru_01_000000039297",9)
assigned("Trichodesmium_miru_01_000000110754",9)
assigned("Trichodesmium_miru_01_000000114432",9)
assigned("Trichodesmium_miru_01_000000095029",9)
assigned("Trichodesmium_miru_01_000000102541",9)
assigned("Trichodesmium_miru_01_000000124217",9)
assigned("Trichodesmium_miru_01_000000102208",9)
assigned("Trichodesmium_miru_01_000000107736",9)
assigned("Trichodesmium_miru_01_000000096829",9)
assigned("Trichodesmium_miru_01_000000015216",9)
assigned("Trichodesmium_miru_01_000000065664",9)
assigned("Trichodesmium_miru_01_000000099352",9)
assigned("Trichodesmium_miru_01_000000021898",9)
assigned("Trichodesmium_miru_01_000000024528",9)
assigned("Trichodesmium_miru_01_000000017827",9)
assigned("Trichodesmium_miru_01_000000128681",9)
assigned("Trichodesmium_miru_01_000000034416",9)
assigned("Trichodesmium_miru_01_000000047448",9)
assigned("Trichodesmium_miru_01_000000028764",9)
assigned("Trichodesmium_miru_01_000000115540",9)
assigned("Trichodesmium_miru_01_000000043975",9)
assigned("Trichodesmium_miru_01_000000088956",9)
assigned("Trichodesmium_miru_01_000000059167",9)
assigned("Trichodesmium_miru_01_000000030762",9)
assigned("Trichodesmium_miru_01_000000014835",9)
assigned("Trichodesmium_miru_01_000000035510",9)
assigned("Trichodesmium_miru_01_000000022856",9)
assigned("Trichodesmium_miru_01_000000010766",9)
assigned("Trichodesmium_miru_01_000000078779",9)
assigned("Trichodesmium_miru_01_000000105839",9)
assigned("Trichodesmium_miru_01_000000128162",9)
assigned("Trichodesmium_miru_01_000000083202",9)
assigned("Trichodesmium_miru_01_000000059429",9)
assigned("Trichodesmium_miru_01_000000129326",9)
assigned("Trichodesmium_miru_01_000000111032",9)
assigned("Trichodesmium_miru_01_000000041386",9)
assigned("Trichodesmium_miru_01_000000122191",9)
assigned("Trichodesmium_miru_01_000000105705",9)
assigned("Trichodesmium_miru_01_000000058679",9)
assigned("Trichodesmium_miru_01_000000121673",9)
assigned("Trichodesmium_miru_01_000000023236",9)
assigned("Trichodesmium_miru_01_000000107572",9)
assigned("Trichodesmium_miru_01_000000073773",9)
assigned("Trichodesmium_miru_01_000000046588",9)
assigned("Trichodesmium_miru_01_000000131495",9)
assigned("Trichodesmium_miru_01_000000029585",9)
assigned("Trichodesmium_miru_01_000000093058",9)
assigned("Trichodesmium_miru_01_000000043337",9)
assigned("Trichodesmium_miru_01_000000121138",9)
assigned("Trichodesmium_miru_01_000000030385",9)
assigned("Trichodesmium_miru_01_000000078801",9)
assigned("Trichodesmium_miru_01_000000040124",9)
assigned("Trichodesmium_miru_01_000000122093",9)
assigned("Trichodesmium_miru_01_000000123063",9)
assigned("Trichodesmium_miru_01_000000111753",9)
assigned("Trichodesmium_miru_01_000000019907",9)
assigned("Trichodesmium_miru_01_000000090232",9)
assigned("Trichodesmium_miru_01_000000082034",9)
assigned("Trichodesmium_miru_01_000000053748",9)
assigned("Trichodesmium_miru_01_000000011886",9)
assigned("Trichodesmium_miru_01_000000115322",9)
assigned("Trichodesmium_miru_01_000000070163",9)
assigned("Trichodesmium_miru_01_000000084877",9)
assigned("Trichodesmium_miru_01_000000034603",9)
assigned("Trichodesmium_miru_01_000000071661",9)
assigned("Trichodesmium_miru_01_000000102545",9)
assigned("Trichodesmium_miru_01_000000116961",9)
assigned("Trichodesmium_miru_01_000000068462",9)
assigned("Trichodesmium_miru_01_000000078545",9)
assigned("Trichodesmium_miru_01_000000024747",9)
assigned("Trichodesmium_miru_01_000000075582",9)
assigned("Trichodesmium_miru_01_000000085428",9)
assigned("Trichodesmium_miru_01_000000124024",9)
assigned("Trichodesmium_miru_01_000000030447",9)
assigned("Trichodesmium_miru_01_000000037782",9)
assigned("Trichodesmium_miru_01_000000098425",9)
assigned("Trichodesmium_miru_01_000000021447",9)
assigned("Trichodesmium_miru_01_000000055590",9)
assigned("Trichodesmium_miru_01_000000088175",9)
assigned("Trichodesmium_miru_01_000000041933",9)
assigned("Trichodesmium_miru_01_000000046101",9)
assigned("Trichodesmium_miru_01_000000000956",9)
assigned("Trichodesmium_miru_01_000000068704",9)
assigned("Trichodesmium_miru_01_000000080162",9)
assigned("Trichodesmium_miru_01_000000053260",9)
assigned("Trichodesmium_miru_01_000000053595",9)
assigned("Trichodesmium_miru_01_000000035221",9)
assigned("Trichodesmium_miru_01_000000075960",9)
assigned("Trichodesmium_miru_01_000000131892",9)
assigned("Trichodesmium_miru_01_000000015514",9)
assigned("Trichodesmium_miru_01_000000006991",9)
assigned("Trichodesmium_miru_01_000000054129",9)
assigned("Trichodesmium_miru_01_000000060989",9)
assigned("Trichodesmium_miru_01_000000027159",9)
assigned("Trichodesmium_miru_01_000000018195",9)
assigned("Trichodesmium_miru_01_000000132038",9)
assigned("Trichodesmium_miru_01_000000047680",9)
assigned("Trichodesmium_miru_01_000000018930",9)
assigned("Trichodesmium_miru_01_000000116137",9)
assigned("Trichodesmium_miru_01_000000005108",9)
assigned("Trichodesmium_miru_01_000000020348",9)
assigned("Trichodesmium_miru_01_000000094888",9)
assigned("Trichodesmium_miru_01_000000013794",9)
assigned("Trichodesmium_miru_01_000000077045",9)
assigned("Trichodesmium_miru_01_000000032495",9)

Fin de l'affichage des clusters


 optimal ?  False
Nombre de clusters : 10
Nombre de contigs total : 300
Nombre de contigs assignés : 300

Résultat du clustering :
assigned("Trichodesmium_miru_01_000000100086",0)
assigned("Trichodesmium_miru_01_000000001814",0)
assigned("Trichodesmium_miru_01_000000029863",1)
assigned("Trichodesmium_miru_01_000000082305",1)
assigned("Trichodesmium_miru_01_000000078342",2)
assigned("Trichodesmium_miru_01_000000121082",2)
assigned("Trichodesmium_miru_01_000000073531",3)
assigned("Trichodesmium_miru_01_000000002135",3)
assigned("Trichodesmium_miru_01_000000064020",3)
assigned("Trichodesmium_miru_01_000000069823",3)
assigned("Trichodesmium_miru_01_000000116128",3)
assigned("Trichodesmium_miru_01_000000074103",3)
assigned("Trichodesmium_miru_01_000000121997",3)
assigned("Trichodesmium_miru_01_000000121361",3)
assigned("Trichodesmium_miru_01_000000104481",3)
assigned("Trichodesmium_miru_01_000000042684",3)
assigned("Trichodesmium_miru_01_000000080344",3)
assigned("Trichodesmium_miru_01_000000126779",4)
assigned("Trichodesmium_miru_01_000000128468",4)
assigned("Trichodesmium_miru_01_000000114634",4)
assigned("Trichodesmium_miru_01_000000095633",4)
assigned("Trichodesmium_miru_01_000000127624",4)
assigned("Trichodesmium_miru_01_000000110545",4)
assigned("Trichodesmium_miru_01_000000057482",5)
assigned("Trichodesmium_miru_01_000000006681",5)
assigned("Trichodesmium_miru_01_000000031424",5)
assigned("Trichodesmium_miru_01_000000048433",5)
assigned("Trichodesmium_miru_01_000000070311",5)
assigned("Trichodesmium_miru_01_000000015869",5)
assigned("Trichodesmium_miru_01_000000097614",5)
assigned("Trichodesmium_miru_01_000000084871",5)
assigned("Trichodesmium_miru_01_000000091905",5)
assigned("Trichodesmium_miru_01_000000049590",5)
assigned("Trichodesmium_miru_01_000000002169",5)
assigned("Trichodesmium_miru_01_000000070733",6)
assigned("Trichodesmium_miru_01_000000055838",6)
assigned("Trichodesmium_miru_01_000000127799",6)
assigned("Trichodesmium_miru_01_000000085271",6)
assigned("Trichodesmium_miru_01_000000037606",6)
assigned("Trichodesmium_miru_01_000000008546",6)
assigned("Trichodesmium_miru_01_000000089264",6)
assigned("Trichodesmium_miru_01_000000127547",6)
assigned("Trichodesmium_miru_01_000000061073",6)
assigned("Trichodesmium_miru_01_000000056483",6)
assigned("Trichodesmium_miru_01_000000065490",6)
assigned("Trichodesmium_miru_01_000000040823",6)
assigned("Trichodesmium_miru_01_000000119991",7)
assigned("Trichodesmium_miru_01_000000078439",7)
assigned("Trichodesmium_miru_01_000000051872",7)
assigned("Trichodesmium_miru_01_000000088926",7)
assigned("Trichodesmium_miru_01_000000012551",7)
assigned("Trichodesmium_miru_01_000000066712",7)
assigned("Trichodesmium_miru_01_000000044061",7)
assigned("Trichodesmium_miru_01_000000006263",8)
assigned("Trichodesmium_miru_01_000000114839",8)
assigned("Trichodesmium_miru_01_000000096581",8)
assigned("Trichodesmium_miru_01_000000036667",8)
assigned("Trichodesmium_miru_01_000000088109",8)
assigned("Trichodesmium_miru_01_000000022672",8)
assigned("Trichodesmium_miru_01_000000079494",8)
assigned("Trichodesmium_miru_01_000000010900",8)
assigned("Trichodesmium_miru_01_000000067533",8)
assigned("Trichodesmium_miru_01_000000059362",8)
assigned("Trichodesmium_miru_01_000000049384",8)
assigned("Trichodesmium_miru_01_000000110734",8)
assigned("Trichodesmium_miru_01_000000087500",9)
assigned("Trichodesmium_miru_01_000000050345",9)
assigned("Trichodesmium_miru_01_000000001584",9)
assigned("Trichodesmium_miru_01_000000018261",9)
assigned("Trichodesmium_miru_01_000000018455",9)
assigned("Trichodesmium_miru_01_000000049196",9)
assigned("Trichodesmium_miru_01_000000019412",9)
assigned("Trichodesmium_miru_01_000000057662",9)
assigned("Trichodesmium_miru_01_000000036444",9)
assigned("Trichodesmium_miru_01_000000010782",9)
assigned("Trichodesmium_miru_01_000000013252",9)
assigned("Trichodesmium_miru_01_000000005782",9)
assigned("Trichodesmium_miru_01_000000093141",9)
assigned("Trichodesmium_miru_01_000000062063",9)
assigned("Trichodesmium_miru_01_000000101117",9)
assigned("Trichodesmium_miru_01_000000067111",9)
assigned("Trichodesmium_miru_01_000000122435",9)
assigned("Trichodesmium_miru_01_000000130712",9)
assigned("Trichodesmium_miru_01_000000065232",9)
assigned("Trichodesmium_miru_01_000000000916",9)
assigned("Trichodesmium_miru_01_000000005143",9)
assigned("Trichodesmium_miru_01_000000118447",9)
assigned("Trichodesmium_miru_01_000000115802",9)
assigned("Trichodesmium_miru_01_000000024826",9)
assigned("Trichodesmium_miru_01_000000003835",9)
assigned("Trichodesmium_miru_01_000000071162",9)
assigned("Trichodesmium_miru_01_000000039587",9)
assigned("Trichodesmium_miru_01_000000036449",9)
assigned("Trichodesmium_miru_01_000000048840",9)
assigned("Trichodesmium_miru_01_000000073876",9)
assigned("Trichodesmium_miru_01_000000044385",9)
assigned("Trichodesmium_miru_01_000000006228",9)
assigned("Trichodesmium_miru_01_000000115401",9)
assigned("Trichodesmium_miru_01_000000060150",9)
assigned("Trichodesmium_miru_01_000000023364",9)
assigned("Trichodesmium_miru_01_000000069545",9)
assigned("Trichodesmium_miru_01_000000107267",9)
assigned("Trichodesmium_miru_01_000000032899",9)
assigned("Trichodesmium_miru_01_000000097859",9)
assigned("Trichodesmium_miru_01_000000032779",9)
assigned("Trichodesmium_miru_01_000000113684",9)
assigned("Trichodesmium_miru_01_000000001875",9)
assigned("Trichodesmium_miru_01_000000078467",9)
assigned("Trichodesmium_miru_01_000000125969",9)
assigned("Trichodesmium_miru_01_000000001760",9)
assigned("Trichodesmium_miru_01_000000120506",9)
assigned("Trichodesmium_miru_01_000000078647",9)
assigned("Trichodesmium_miru_01_000000049015",9)
assigned("Trichodesmium_miru_01_000000063860",9)
assigned("Trichodesmium_miru_01_000000073483",9)
assigned("Trichodesmium_miru_01_000000000672",9)
assigned("Trichodesmium_miru_01_000000011043",9)
assigned("Trichodesmium_miru_01_000000093873",9)
assigned("Trichodesmium_miru_01_000000057274",9)
assigned("Trichodesmium_miru_01_000000110713",9)
assigned("Trichodesmium_miru_01_000000019676",9)
assigned("Trichodesmium_miru_01_000000065746",9)
assigned("Trichodesmium_miru_01_000000042913",9)
assigned("Trichodesmium_miru_01_000000130486",9)
assigned("Trichodesmium_miru_01_000000097824",9)
assigned("Trichodesmium_miru_01_000000045872",9)
assigned("Trichodesmium_miru_01_000000012641",9)
assigned("Trichodesmium_miru_01_000000005157",9)
assigned("Trichodesmium_miru_01_000000121200",9)
assigned("Trichodesmium_miru_01_000000069139",9)
assigned("Trichodesmium_miru_01_000000109004",9)
assigned("Trichodesmium_miru_01_000000077729",9)
assigned("Trichodesmium_miru_01_000000067183",9)
assigned("Trichodesmium_miru_01_000000125852",9)
assigned("Trichodesmium_miru_01_000000021832",9)
assigned("Trichodesmium_miru_01_000000131184",9)
assigned("Trichodesmium_miru_01_000000026439",9)
assigned("Trichodesmium_miru_01_000000021267",9)
assigned("Trichodesmium_miru_01_000000102163",9)
assigned("Trichodesmium_miru_01_000000077314",9)
assigned("Trichodesmium_miru_01_000000075737",9)
assigned("Trichodesmium_miru_01_000000049401",9)
assigned("Trichodesmium_miru_01_000000121785",9)
assigned("Trichodesmium_miru_01_000000058744",9)
assigned("Trichodesmium_miru_01_000000128588",9)
assigned("Trichodesmium_miru_01_000000056494",9)
assigned("Trichodesmium_miru_01_000000010265",9)
assigned("Trichodesmium_miru_01_000000109473",9)
assigned("Trichodesmium_miru_01_000000014730",9)
assigned("Trichodesmium_miru_01_000000038920",9)
assigned("Trichodesmium_miru_01_000000117628",9)
assigned("Trichodesmium_miru_01_000000080096",9)
assigned("Trichodesmium_miru_01_000000117736",9)
assigned("Trichodesmium_miru_01_000000084505",9)
assigned("Trichodesmium_miru_01_000000029601",9)
assigned("Trichodesmium_miru_01_000000040617",9)
assigned("Trichodesmium_miru_01_000000015273",9)
assigned("Trichodesmium_miru_01_000000057364",9)
assigned("Trichodesmium_miru_01_000000032869",9)
assigned("Trichodesmium_miru_01_000000095237",9)
assigned("Trichodesmium_miru_01_000000092452",9)
assigned("Trichodesmium_miru_01_000000106792",9)
assigned("Trichodesmium_miru_01_000000027685",9)
assigned("Trichodesmium_miru_01_000000021228",9)
assigned("Trichodesmium_miru_01_000000121151",9)
assigned("Trichodesmium_miru_01_000000016649",9)
assigned("Trichodesmium_miru_01_000000111225",9)
assigned("Trichodesmium_miru_01_000000025808",9)
assigned("Trichodesmium_miru_01_000000053983",9)
assigned("Trichodesmium_miru_01_000000114444",9)
assigned("Trichodesmium_miru_01_000000038117",9)
assigned("Trichodesmium_miru_01_000000013043",9)
assigned("Trichodesmium_miru_01_000000029345",9)
assigned("Trichodesmium_miru_01_000000091501",9)
assigned("Trichodesmium_miru_01_000000091201",9)
assigned("Trichodesmium_miru_01_000000059715",9)
assigned("Trichodesmium_miru_01_000000035988",9)
assigned("Trichodesmium_miru_01_000000010277",9)
assigned("Trichodesmium_miru_01_000000028188",9)
assigned("Trichodesmium_miru_01_000000027981",9)
assigned("Trichodesmium_miru_01_000000106038",9)
assigned("Trichodesmium_miru_01_000000050352",9)
assigned("Trichodesmium_miru_01_000000058510",9)
assigned("Trichodesmium_miru_01_000000001441",9)
assigned("Trichodesmium_miru_01_000000026475",9)
assigned("Trichodesmium_miru_01_000000065662",9)
assigned("Trichodesmium_miru_01_000000032833",9)
assigned("Trichodesmium_miru_01_000000037690",9)
assigned("Trichodesmium_miru_01_000000102663",9)
assigned("Trichodesmium_miru_01_000000080230",9)
assigned("Trichodesmium_miru_01_000000085270",9)
assigned("Trichodesmium_miru_01_000000047549",9)
assigned("Trichodesmium_miru_01_000000031635",9)
assigned("Trichodesmium_miru_01_000000095796",9)
assigned("Trichodesmium_miru_01_000000061208",9)
assigned("Trichodesmium_miru_01_000000039297",9)
assigned("Trichodesmium_miru_01_000000110754",9)
assigned("Trichodesmium_miru_01_000000114432",9)
assigned("Trichodesmium_miru_01_000000095029",9)
assigned("Trichodesmium_miru_01_000000102541",9)
assigned("Trichodesmium_miru_01_000000124217",9)
assigned("Trichodesmium_miru_01_000000102208",9)
assigned("Trichodesmium_miru_01_000000107736",9)
assigned("Trichodesmium_miru_01_000000096829",9)
assigned("Trichodesmium_miru_01_000000015216",9)
assigned("Trichodesmium_miru_01_000000065664",9)
assigned("Trichodesmium_miru_01_000000099352",9)
assigned("Trichodesmium_miru_01_000000021898",9)
assigned("Trichodesmium_miru_01_000000024528",9)
assigned("Trichodesmium_miru_01_000000017827",9)
assigned("Trichodesmium_miru_01_000000128681",9)
assigned("Trichodesmium_miru_01_000000034416",9)
assigned("Trichodesmium_miru_01_000000047448",9)
assigned("Trichodesmium_miru_01_000000028764",9)
assigned("Trichodesmium_miru_01_000000115540",9)
assigned("Trichodesmium_miru_01_000000043975",9)
assigned("Trichodesmium_miru_01_000000088956",9)
assigned("Trichodesmium_miru_01_000000059167",9)
assigned("Trichodesmium_miru_01_000000030762",9)
assigned("Trichodesmium_miru_01_000000014835",9)
assigned("Trichodesmium_miru_01_000000035510",9)
assigned("Trichodesmium_miru_01_000000022856",9)
assigned("Trichodesmium_miru_01_000000010766",9)
assigned("Trichodesmium_miru_01_000000078779",9)
assigned("Trichodesmium_miru_01_000000105839",9)
assigned("Trichodesmium_miru_01_000000128162",9)
assigned("Trichodesmium_miru_01_000000083202",9)
assigned("Trichodesmium_miru_01_000000059429",9)
assigned("Trichodesmium_miru_01_000000129326",9)
assigned("Trichodesmium_miru_01_000000111032",9)
assigned("Trichodesmium_miru_01_000000041386",9)
assigned("Trichodesmium_miru_01_000000122191",9)
assigned("Trichodesmium_miru_01_000000105705",9)
assigned("Trichodesmium_miru_01_000000058679",9)
assigned("Trichodesmium_miru_01_000000121673",9)
assigned("Trichodesmium_miru_01_000000023236",9)
assigned("Trichodesmium_miru_01_000000107572",9)
assigned("Trichodesmium_miru_01_000000073773",9)
assigned("Trichodesmium_miru_01_000000046588",9)
assigned("Trichodesmium_miru_01_000000131495",9)
assigned("Trichodesmium_miru_01_000000029585",9)
assigned("Trichodesmium_miru_01_000000093058",9)
assigned("Trichodesmium_miru_01_000000043337",9)
assigned("Trichodesmium_miru_01_000000121138",9)
assigned("Trichodesmium_miru_01_000000030385",9)
assigned("Trichodesmium_miru_01_000000078801",9)
assigned("Trichodesmium_miru_01_000000040124",9)
assigned("Trichodesmium_miru_01_000000122093",9)
assigned("Trichodesmium_miru_01_000000123063",9)
assigned("Trichodesmium_miru_01_000000111753",9)
assigned("Trichodesmium_miru_01_000000019907",9)
assigned("Trichodesmium_miru_01_000000090232",9)
assigned("Trichodesmium_miru_01_000000082034",9)
assigned("Trichodesmium_miru_01_000000053748",9)
assigned("Trichodesmium_miru_01_000000011886",9)
assigned("Trichodesmium_miru_01_000000115322",9)
assigned("Trichodesmium_miru_01_000000070163",9)
assigned("Trichodesmium_miru_01_000000084877",9)
assigned("Trichodesmium_miru_01_000000034603",9)
assigned("Trichodesmium_miru_01_000000071661",9)
assigned("Trichodesmium_miru_01_000000102545",9)
assigned("Trichodesmium_miru_01_000000116961",9)
assigned("Trichodesmium_miru_01_000000068462",9)
assigned("Trichodesmium_miru_01_000000078545",9)
assigned("Trichodesmium_miru_01_000000024747",9)
assigned("Trichodesmium_miru_01_000000075582",9)
assigned("Trichodesmium_miru_01_000000085428",9)
assigned("Trichodesmium_miru_01_000000124024",9)
assigned("Trichodesmium_miru_01_000000030447",9)
assigned("Trichodesmium_miru_01_000000037782",9)
assigned("Trichodesmium_miru_01_000000098425",9)
assigned("Trichodesmium_miru_01_000000021447",9)
assigned("Trichodesmium_miru_01_000000055590",9)
assigned("Trichodesmium_miru_01_000000088175",9)
assigned("Trichodesmium_miru_01_000000041933",9)
assigned("Trichodesmium_miru_01_000000046101",9)
assigned("Trichodesmium_miru_01_000000000956",9)
assigned("Trichodesmium_miru_01_000000068704",9)
assigned("Trichodesmium_miru_01_000000080162",9)
assigned("Trichodesmium_miru_01_000000053260",9)
assigned("Trichodesmium_miru_01_000000053595",9)
assigned("Trichodesmium_miru_01_000000035221",9)
assigned("Trichodesmium_miru_01_000000075960",9)
assigned("Trichodesmium_miru_01_000000131892",9)
assigned("Trichodesmium_miru_01_000000015514",9)
assigned("Trichodesmium_miru_01_000000006991",9)
assigned("Trichodesmium_miru_01_000000054129",9)
assigned("Trichodesmium_miru_01_000000060989",9)
assigned("Trichodesmium_miru_01_000000027159",9)
assigned("Trichodesmium_miru_01_000000018195",9)
assigned("Trichodesmium_miru_01_000000132038",9)
assigned("Trichodesmium_miru_01_000000047680",9)
assigned("Trichodesmium_miru_01_000000018930",9)
assigned("Trichodesmium_miru_01_000000116137",9)
assigned("Trichodesmium_miru_01_000000005108",9)
assigned("Trichodesmium_miru_01_000000020348",9)
assigned("Trichodesmium_miru_01_000000094888",9)
assigned("Trichodesmium_miru_01_000000013794",9)
assigned("Trichodesmium_miru_01_000000077045",9)
assigned("Trichodesmium_miru_01_000000032495",9)

Fin de l'affichage des clusters


 optimal ?  False
Nombre de clusters : 10
Nombre de contigs total : 300
Nombre de contigs assignés : 300

Résultat du clustering :
assigned("Trichodesmium_miru_01_000000100086",0)
assigned("Trichodesmium_miru_01_000000001814",0)
assigned("Trichodesmium_miru_01_000000040823",0)
assigned("Trichodesmium_miru_01_000000029863",1)
assigned("Trichodesmium_miru_01_000000078342",2)
assigned("Trichodesmium_miru_01_000000121082",2)
assigned("Trichodesmium_miru_01_000000110734",2)
assigned("Trichodesmium_miru_01_000000073531",3)
assigned("Trichodesmium_miru_01_000000002135",3)
assigned("Trichodesmium_miru_01_000000064020",3)
assigned("Trichodesmium_miru_01_000000069823",3)
assigned("Trichodesmium_miru_01_000000116128",3)
assigned("Trichodesmium_miru_01_000000074103",3)
assigned("Trichodesmium_miru_01_000000121997",3)
assigned("Trichodesmium_miru_01_000000121361",3)
assigned("Trichodesmium_miru_01_000000104481",3)
assigned("Trichodesmium_miru_01_000000042684",3)
assigned("Trichodesmium_miru_01_000000080344",3)
assigned("Trichodesmium_miru_01_000000082305",3)
assigned("Trichodesmium_miru_01_000000126779",4)
assigned("Trichodesmium_miru_01_000000128468",4)
assigned("Trichodesmium_miru_01_000000114634",4)
assigned("Trichodesmium_miru_01_000000095633",4)
assigned("Trichodesmium_miru_01_000000127624",4)
assigned("Trichodesmium_miru_01_000000110545",4)
assigned("Trichodesmium_miru_01_000000057482",5)
assigned("Trichodesmium_miru_01_000000006681",5)
assigned("Trichodesmium_miru_01_000000031424",5)
assigned("Trichodesmium_miru_01_000000048433",5)
assigned("Trichodesmium_miru_01_000000070311",5)
assigned("Trichodesmium_miru_01_000000015869",5)
assigned("Trichodesmium_miru_01_000000097614",5)
assigned("Trichodesmium_miru_01_000000084871",5)
assigned("Trichodesmium_miru_01_000000091905",5)
assigned("Trichodesmium_miru_01_000000049590",5)
assigned("Trichodesmium_miru_01_000000002169",5)
assigned("Trichodesmium_miru_01_000000070733",6)
assigned("Trichodesmium_miru_01_000000055838",6)
assigned("Trichodesmium_miru_01_000000127799",6)
assigned("Trichodesmium_miru_01_000000085271",6)
assigned("Trichodesmium_miru_01_000000037606",6)
assigned("Trichodesmium_miru_01_000000008546",6)
assigned("Trichodesmium_miru_01_000000089264",6)
assigned("Trichodesmium_miru_01_000000127547",6)
assigned("Trichodesmium_miru_01_000000061073",6)
assigned("Trichodesmium_miru_01_000000056483",6)
assigned("Trichodesmium_miru_01_000000065490",6)
assigned("Trichodesmium_miru_01_000000119991",7)
assigned("Trichodesmium_miru_01_000000078439",7)
assigned("Trichodesmium_miru_01_000000051872",7)
assigned("Trichodesmium_miru_01_000000088926",7)
assigned("Trichodesmium_miru_01_000000012551",7)
assigned("Trichodesmium_miru_01_000000066712",7)
assigned("Trichodesmium_miru_01_000000044061",7)
assigned("Trichodesmium_miru_01_000000006263",8)
assigned("Trichodesmium_miru_01_000000114839",8)
assigned("Trichodesmium_miru_01_000000096581",8)
assigned("Trichodesmium_miru_01_000000036667",8)
assigned("Trichodesmium_miru_01_000000088109",8)
assigned("Trichodesmium_miru_01_000000022672",8)
assigned("Trichodesmium_miru_01_000000079494",8)
assigned("Trichodesmium_miru_01_000000010900",8)
assigned("Trichodesmium_miru_01_000000067533",8)
assigned("Trichodesmium_miru_01_000000059362",8)
assigned("Trichodesmium_miru_01_000000049384",8)
assigned("Trichodesmium_miru_01_000000065664",8)
assigned("Trichodesmium_miru_01_000000087500",9)
assigned("Trichodesmium_miru_01_000000050345",9)
assigned("Trichodesmium_miru_01_000000001584",9)
assigned("Trichodesmium_miru_01_000000018261",9)
assigned("Trichodesmium_miru_01_000000018455",9)
assigned("Trichodesmium_miru_01_000000049196",9)
assigned("Trichodesmium_miru_01_000000019412",9)
assigned("Trichodesmium_miru_01_000000057662",9)
assigned("Trichodesmium_miru_01_000000036444",9)
assigned("Trichodesmium_miru_01_000000010782",9)
assigned("Trichodesmium_miru_01_000000013252",9)
assigned("Trichodesmium_miru_01_000000005782",9)
assigned("Trichodesmium_miru_01_000000093141",9)
assigned("Trichodesmium_miru_01_000000062063",9)
assigned("Trichodesmium_miru_01_000000101117",9)
assigned("Trichodesmium_miru_01_000000067111",9)
assigned("Trichodesmium_miru_01_000000122435",9)
assigned("Trichodesmium_miru_01_000000130712",9)
assigned("Trichodesmium_miru_01_000000065232",9)
assigned("Trichodesmium_miru_01_000000000916",9)
assigned("Trichodesmium_miru_01_000000005143",9)
assigned("Trichodesmium_miru_01_000000118447",9)
assigned("Trichodesmium_miru_01_000000115802",9)
assigned("Trichodesmium_miru_01_000000024826",9)
assigned("Trichodesmium_miru_01_000000003835",9)
assigned("Trichodesmium_miru_01_000000071162",9)
assigned("Trichodesmium_miru_01_000000039587",9)
assigned("Trichodesmium_miru_01_000000036449",9)
assigned("Trichodesmium_miru_01_000000048840",9)
assigned("Trichodesmium_miru_01_000000073876",9)
assigned("Trichodesmium_miru_01_000000044385",9)
assigned("Trichodesmium_miru_01_000000006228",9)
assigned("Trichodesmium_miru_01_000000115401",9)
assigned("Trichodesmium_miru_01_000000060150",9)
assigned("Trichodesmium_miru_01_000000023364",9)
assigned("Trichodesmium_miru_01_000000069545",9)
assigned("Trichodesmium_miru_01_000000107267",9)
assigned("Trichodesmium_miru_01_000000032899",9)
assigned("Trichodesmium_miru_01_000000097859",9)
assigned("Trichodesmium_miru_01_000000032779",9)
assigned("Trichodesmium_miru_01_000000113684",9)
assigned("Trichodesmium_miru_01_000000001875",9)
assigned("Trichodesmium_miru_01_000000078467",9)
assigned("Trichodesmium_miru_01_000000125969",9)
assigned("Trichodesmium_miru_01_000000001760",9)
assigned("Trichodesmium_miru_01_000000120506",9)
assigned("Trichodesmium_miru_01_000000078647",9)
assigned("Trichodesmium_miru_01_000000049015",9)
assigned("Trichodesmium_miru_01_000000063860",9)
assigned("Trichodesmium_miru_01_000000073483",9)
assigned("Trichodesmium_miru_01_000000000672",9)
assigned("Trichodesmium_miru_01_000000011043",9)
assigned("Trichodesmium_miru_01_000000093873",9)
assigned("Trichodesmium_miru_01_000000057274",9)
assigned("Trichodesmium_miru_01_000000110713",9)
assigned("Trichodesmium_miru_01_000000019676",9)
assigned("Trichodesmium_miru_01_000000065746",9)
assigned("Trichodesmium_miru_01_000000042913",9)
assigned("Trichodesmium_miru_01_000000130486",9)
assigned("Trichodesmium_miru_01_000000097824",9)
assigned("Trichodesmium_miru_01_000000045872",9)
assigned("Trichodesmium_miru_01_000000012641",9)
assigned("Trichodesmium_miru_01_000000005157",9)
assigned("Trichodesmium_miru_01_000000121200",9)
assigned("Trichodesmium_miru_01_000000069139",9)
assigned("Trichodesmium_miru_01_000000109004",9)
assigned("Trichodesmium_miru_01_000000077729",9)
assigned("Trichodesmium_miru_01_000000067183",9)
assigned("Trichodesmium_miru_01_000000125852",9)
assigned("Trichodesmium_miru_01_000000021832",9)
assigned("Trichodesmium_miru_01_000000131184",9)
assigned("Trichodesmium_miru_01_000000026439",9)
assigned("Trichodesmium_miru_01_000000021267",9)
assigned("Trichodesmium_miru_01_000000102163",9)
assigned("Trichodesmium_miru_01_000000077314",9)
assigned("Trichodesmium_miru_01_000000075737",9)
assigned("Trichodesmium_miru_01_000000049401",9)
assigned("Trichodesmium_miru_01_000000121785",9)
assigned("Trichodesmium_miru_01_000000058744",9)
assigned("Trichodesmium_miru_01_000000128588",9)
assigned("Trichodesmium_miru_01_000000056494",9)
assigned("Trichodesmium_miru_01_000000010265",9)
assigned("Trichodesmium_miru_01_000000109473",9)
assigned("Trichodesmium_miru_01_000000014730",9)
assigned("Trichodesmium_miru_01_000000038920",9)
assigned("Trichodesmium_miru_01_000000117628",9)
assigned("Trichodesmium_miru_01_000000080096",9)
assigned("Trichodesmium_miru_01_000000117736",9)
assigned("Trichodesmium_miru_01_000000084505",9)
assigned("Trichodesmium_miru_01_000000029601",9)
assigned("Trichodesmium_miru_01_000000040617",9)
assigned("Trichodesmium_miru_01_000000015273",9)
assigned("Trichodesmium_miru_01_000000057364",9)
assigned("Trichodesmium_miru_01_000000032869",9)
assigned("Trichodesmium_miru_01_000000095237",9)
assigned("Trichodesmium_miru_01_000000092452",9)
assigned("Trichodesmium_miru_01_000000106792",9)
assigned("Trichodesmium_miru_01_000000027685",9)
assigned("Trichodesmium_miru_01_000000021228",9)
assigned("Trichodesmium_miru_01_000000121151",9)
assigned("Trichodesmium_miru_01_000000016649",9)
assigned("Trichodesmium_miru_01_000000111225",9)
assigned("Trichodesmium_miru_01_000000025808",9)
assigned("Trichodesmium_miru_01_000000053983",9)
assigned("Trichodesmium_miru_01_000000114444",9)
assigned("Trichodesmium_miru_01_000000038117",9)
assigned("Trichodesmium_miru_01_000000013043",9)
assigned("Trichodesmium_miru_01_000000029345",9)
assigned("Trichodesmium_miru_01_000000091501",9)
assigned("Trichodesmium_miru_01_000000091201",9)
assigned("Trichodesmium_miru_01_000000059715",9)
assigned("Trichodesmium_miru_01_000000035988",9)
assigned("Trichodesmium_miru_01_000000010277",9)
assigned("Trichodesmium_miru_01_000000028188",9)
assigned("Trichodesmium_miru_01_000000027981",9)
assigned("Trichodesmium_miru_01_000000106038",9)
assigned("Trichodesmium_miru_01_000000050352",9)
assigned("Trichodesmium_miru_01_000000058510",9)
assigned("Trichodesmium_miru_01_000000001441",9)
assigned("Trichodesmium_miru_01_000000026475",9)
assigned("Trichodesmium_miru_01_000000065662",9)
assigned("Trichodesmium_miru_01_000000032833",9)
assigned("Trichodesmium_miru_01_000000037690",9)
assigned("Trichodesmium_miru_01_000000102663",9)
assigned("Trichodesmium_miru_01_000000080230",9)
assigned("Trichodesmium_miru_01_000000085270",9)
assigned("Trichodesmium_miru_01_000000047549",9)
assigned("Trichodesmium_miru_01_000000031635",9)
assigned("Trichodesmium_miru_01_000000095796",9)
assigned("Trichodesmium_miru_01_000000061208",9)
assigned("Trichodesmium_miru_01_000000039297",9)
assigned("Trichodesmium_miru_01_000000110754",9)
assigned("Trichodesmium_miru_01_000000114432",9)
assigned("Trichodesmium_miru_01_000000095029",9)
assigned("Trichodesmium_miru_01_000000102541",9)
assigned("Trichodesmium_miru_01_000000124217",9)
assigned("Trichodesmium_miru_01_000000102208",9)
assigned("Trichodesmium_miru_01_000000107736",9)
assigned("Trichodesmium_miru_01_000000096829",9)
assigned("Trichodesmium_miru_01_000000015216",9)
assigned("Trichodesmium_miru_01_000000099352",9)
assigned("Trichodesmium_miru_01_000000021898",9)
assigned("Trichodesmium_miru_01_000000024528",9)
assigned("Trichodesmium_miru_01_000000017827",9)
assigned("Trichodesmium_miru_01_000000128681",9)
assigned("Trichodesmium_miru_01_000000034416",9)
assigned("Trichodesmium_miru_01_000000047448",9)
assigned("Trichodesmium_miru_01_000000028764",9)
assigned("Trichodesmium_miru_01_000000115540",9)
assigned("Trichodesmium_miru_01_000000043975",9)
assigned("Trichodesmium_miru_01_000000088956",9)
assigned("Trichodesmium_miru_01_000000059167",9)
assigned("Trichodesmium_miru_01_000000030762",9)
assigned("Trichodesmium_miru_01_000000014835",9)
assigned("Trichodesmium_miru_01_000000035510",9)
assigned("Trichodesmium_miru_01_000000022856",9)
assigned("Trichodesmium_miru_01_000000010766",9)
assigned("Trichodesmium_miru_01_000000078779",9)
assigned("Trichodesmium_miru_01_000000105839",9)
assigned("Trichodesmium_miru_01_000000128162",9)
assigned("Trichodesmium_miru_01_000000083202",9)
assigned("Trichodesmium_miru_01_000000059429",9)
assigned("Trichodesmium_miru_01_000000129326",9)
assigned("Trichodesmium_miru_01_000000111032",9)
assigned("Trichodesmium_miru_01_000000041386",9)
assigned("Trichodesmium_miru_01_000000122191",9)
assigned("Trichodesmium_miru_01_000000105705",9)
assigned("Trichodesmium_miru_01_000000058679",9)
assigned("Trichodesmium_miru_01_000000121673",9)
assigned("Trichodesmium_miru_01_000000023236",9)
assigned("Trichodesmium_miru_01_000000107572",9)
assigned("Trichodesmium_miru_01_000000073773",9)
assigned("Trichodesmium_miru_01_000000046588",9)
assigned("Trichodesmium_miru_01_000000131495",9)
assigned("Trichodesmium_miru_01_000000029585",9)
assigned("Trichodesmium_miru_01_000000093058",9)
assigned("Trichodesmium_miru_01_000000043337",9)
assigned("Trichodesmium_miru_01_000000121138",9)
assigned("Trichodesmium_miru_01_000000030385",9)
assigned("Trichodesmium_miru_01_000000078801",9)
assigned("Trichodesmium_miru_01_000000040124",9)
assigned("Trichodesmium_miru_01_000000122093",9)
assigned("Trichodesmium_miru_01_000000123063",9)
assigned("Trichodesmium_miru_01_000000111753",9)
assigned("Trichodesmium_miru_01_000000019907",9)
assigned("Trichodesmium_miru_01_000000090232",9)
assigned("Trichodesmium_miru_01_000000082034",9)
assigned("Trichodesmium_miru_01_000000053748",9)
assigned("Trichodesmium_miru_01_000000011886",9)
assigned("Trichodesmium_miru_01_000000115322",9)
assigned("Trichodesmium_miru_01_000000070163",9)
assigned("Trichodesmium_miru_01_000000084877",9)
assigned("Trichodesmium_miru_01_000000034603",9)
assigned("Trichodesmium_miru_01_000000071661",9)
assigned("Trichodesmium_miru_01_000000102545",9)
assigned("Trichodesmium_miru_01_000000116961",9)
assigned("Trichodesmium_miru_01_000000068462",9)
assigned("Trichodesmium_miru_01_000000078545",9)
assigned("Trichodesmium_miru_01_000000024747",9)
assigned("Trichodesmium_miru_01_000000075582",9)
assigned("Trichodesmium_miru_01_000000085428",9)
assigned("Trichodesmium_miru_01_000000124024",9)
assigned("Trichodesmium_miru_01_000000030447",9)
assigned("Trichodesmium_miru_01_000000037782",9)
assigned("Trichodesmium_miru_01_000000098425",9)
assigned("Trichodesmium_miru_01_000000021447",9)
assigned("Trichodesmium_miru_01_000000055590",9)
assigned("Trichodesmium_miru_01_000000088175",9)
assigned("Trichodesmium_miru_01_000000041933",9)
assigned("Trichodesmium_miru_01_000000046101",9)
assigned("Trichodesmium_miru_01_000000000956",9)
assigned("Trichodesmium_miru_01_000000068704",9)
assigned("Trichodesmium_miru_01_000000080162",9)
assigned("Trichodesmium_miru_01_000000053260",9)
assigned("Trichodesmium_miru_01_000000053595",9)
assigned("Trichodesmium_miru_01_000000035221",9)
assigned("Trichodesmium_miru_01_000000075960",9)
assigned("Trichodesmium_miru_01_000000131892",9)
assigned("Trichodesmium_miru_01_000000015514",9)
assigned("Trichodesmium_miru_01_000000006991",9)
assigned("Trichodesmium_miru_01_000000054129",9)
assigned("Trichodesmium_miru_01_000000060989",9)
assigned("Trichodesmium_miru_01_000000027159",9)
assigned("Trichodesmium_miru_01_000000018195",9)
assigned("Trichodesmium_miru_01_000000132038",9)
assigned("Trichodesmium_miru_01_000000047680",9)
assigned("Trichodesmium_miru_01_000000018930",9)
assigned("Trichodesmium_miru_01_000000116137",9)
assigned("Trichodesmium_miru_01_000000005108",9)
assigned("Trichodesmium_miru_01_000000020348",9)
assigned("Trichodesmium_miru_01_000000094888",9)
assigned("Trichodesmium_miru_01_000000013794",9)
assigned("Trichodesmium_miru_01_000000077045",9)
assigned("Trichodesmium_miru_01_000000032495",9)

Fin de l'affichage des clusters


 optimal ?  False
Résolution de clingo terminée !
